2025-04-10 22:45:30,961 - mri_preprocessing - INFO - Found 10 subjects
2025-04-10 22:45:30,968 - mri_preprocessing - INFO - Processing subject: SIM000
2025-04-10 22:45:30,971 - mri_preprocessing - WARNING - Fixed image not found: D:\Projects\CV\data\templates\MNI152_T1_1mm.nii.gz. Skipping registration.
2025-04-10 22:45:30,976 - mri_preprocessing - INFO - Skull stripping D:\Projects\CV\data\processed\SIM000\session_unknown\original_SIM000_T1.nii.gz using SimpleITK threshold method
2025-04-10 22:45:31,431 - mri_preprocessing - INFO - Saved skull-stripped image to D:\Projects\CV\data\processed\SIM000\session_unknown\skull_stripped_SIM000_T1.nii.gz
2025-04-10 22:45:31,432 - mri_preprocessing - INFO - Saved brain mask to D:\Projects\CV\data\processed\SIM000\session_unknown\skull_stripped_SIM000_T1_mask.nii.gz
2025-04-10 22:45:31,436 - mri_preprocessing - INFO - Applying N4 bias field correction to D:\Projects\CV\data\processed\SIM000\session_unknown\skull_stripped_SIM000_T1.nii.gz
2025-04-10 22:46:00,302 - mri_preprocessing - INFO - Saved bias-field corrected image to D:\Projects\CV\data\processed\SIM000\session_unknown\n4_SIM000_T1.nii.gz
2025-04-10 22:46:00,307 - mri_preprocessing - INFO - Normalizing D:\Projects\CV\data\processed\SIM000\session_unknown\n4_SIM000_T1.nii.gz using Z-score
2025-04-10 22:46:00,582 - mri_preprocessing - INFO - Saved normalized image to D:\Projects\CV\data\processed\SIM000\session_unknown\norm_SIM000_T1.nii.gz
2025-04-10 22:46:00,585 - mri_preprocessing - INFO - Resampling D:\Projects\CV\data\processed\SIM000\session_unknown\norm_SIM000_T1.nii.gz to spacing [1.0, 1.0, 1.0]
2025-04-10 22:46:00,740 - mri_preprocessing - INFO - Saved resampled image to D:\Projects\CV\data\processed\SIM000\session_unknown\resampled_SIM000_T1.nii.gz
2025-04-10 22:46:00,741 - mri_preprocessing - INFO - Completed preprocessing for data/raw/simulated\SIM000\SIM000_T1.nii.gz
2025-04-10 22:46:00,742 - mri_preprocessing - INFO - Processing subject: SIM001
2025-04-10 22:46:00,746 - mri_preprocessing - WARNING - Fixed image not found: D:\Projects\CV\data\templates\MNI152_T1_1mm.nii.gz. Skipping registration.
2025-04-10 22:46:00,752 - mri_preprocessing - INFO - Skull stripping D:\Projects\CV\data\processed\SIM001\session_unknown\original_SIM001_T1.nii.gz using SimpleITK threshold method
2025-04-10 22:46:01,327 - mri_preprocessing - INFO - Saved skull-stripped image to D:\Projects\CV\data\processed\SIM001\session_unknown\skull_stripped_SIM001_T1.nii.gz
2025-04-10 22:46:01,327 - mri_preprocessing - INFO - Saved brain mask to D:\Projects\CV\data\processed\SIM001\session_unknown\skull_stripped_SIM001_T1_mask.nii.gz
2025-04-10 22:46:01,330 - mri_preprocessing - INFO - Applying N4 bias field correction to D:\Projects\CV\data\processed\SIM001\session_unknown\skull_stripped_SIM001_T1.nii.gz
2025-04-10 22:46:21,782 - mri_preprocessing - INFO - Saved bias-field corrected image to D:\Projects\CV\data\processed\SIM001\session_unknown\n4_SIM001_T1.nii.gz
2025-04-10 22:46:21,785 - mri_preprocessing - INFO - Normalizing D:\Projects\CV\data\processed\SIM001\session_unknown\n4_SIM001_T1.nii.gz using Z-score
2025-04-10 22:46:22,243 - mri_preprocessing - INFO - Saved normalized image to D:\Projects\CV\data\processed\SIM001\session_unknown\norm_SIM001_T1.nii.gz
2025-04-10 22:46:22,248 - mri_preprocessing - INFO - Resampling D:\Projects\CV\data\processed\SIM001\session_unknown\norm_SIM001_T1.nii.gz to spacing [1.0, 1.0, 1.0]
2025-04-10 22:46:22,629 - mri_preprocessing - INFO - Saved resampled image to D:\Projects\CV\data\processed\SIM001\session_unknown\resampled_SIM001_T1.nii.gz
2025-04-10 22:46:22,631 - mri_preprocessing - INFO - Completed preprocessing for data/raw/simulated\SIM001\SIM001_T1.nii.gz
2025-04-10 22:46:22,632 - mri_preprocessing - INFO - Processing subject: SIM002
2025-04-10 22:46:22,639 - mri_preprocessing - WARNING - Fixed image not found: D:\Projects\CV\data\templates\MNI152_T1_1mm.nii.gz. Skipping registration.
2025-04-10 22:46:22,656 - mri_preprocessing - INFO - Skull stripping D:\Projects\CV\data\processed\SIM002\session_unknown\original_SIM002_T1.nii.gz using SimpleITK threshold method
2025-04-10 22:46:23,775 - mri_preprocessing - INFO - Saved skull-stripped image to D:\Projects\CV\data\processed\SIM002\session_unknown\skull_stripped_SIM002_T1.nii.gz
2025-04-10 22:46:23,776 - mri_preprocessing - INFO - Saved brain mask to D:\Projects\CV\data\processed\SIM002\session_unknown\skull_stripped_SIM002_T1_mask.nii.gz
2025-04-10 22:46:23,780 - mri_preprocessing - INFO - Applying N4 bias field correction to D:\Projects\CV\data\processed\SIM002\session_unknown\skull_stripped_SIM002_T1.nii.gz
2025-04-10 22:46:55,774 - mri_preprocessing - INFO - Saved bias-field corrected image to D:\Projects\CV\data\processed\SIM002\session_unknown\n4_SIM002_T1.nii.gz
2025-04-10 22:46:55,776 - mri_preprocessing - INFO - Normalizing D:\Projects\CV\data\processed\SIM002\session_unknown\n4_SIM002_T1.nii.gz using Z-score
2025-04-10 22:46:56,139 - mri_preprocessing - INFO - Saved normalized image to D:\Projects\CV\data\processed\SIM002\session_unknown\norm_SIM002_T1.nii.gz
2025-04-10 22:46:56,145 - mri_preprocessing - INFO - Resampling D:\Projects\CV\data\processed\SIM002\session_unknown\norm_SIM002_T1.nii.gz to spacing [1.0, 1.0, 1.0]
2025-04-10 22:46:56,486 - mri_preprocessing - INFO - Saved resampled image to D:\Projects\CV\data\processed\SIM002\session_unknown\resampled_SIM002_T1.nii.gz
2025-04-10 22:46:56,489 - mri_preprocessing - INFO - Completed preprocessing for data/raw/simulated\SIM002\SIM002_T1.nii.gz
2025-04-10 22:46:56,490 - mri_preprocessing - INFO - Processing subject: SIM003
2025-04-10 22:46:56,496 - mri_preprocessing - WARNING - Fixed image not found: D:\Projects\CV\data\templates\MNI152_T1_1mm.nii.gz. Skipping registration.
2025-04-10 22:46:56,509 - mri_preprocessing - INFO - Skull stripping D:\Projects\CV\data\processed\SIM003\session_unknown\original_SIM003_T1.nii.gz using SimpleITK threshold method
2025-04-10 22:46:57,715 - mri_preprocessing - INFO - Saved skull-stripped image to D:\Projects\CV\data\processed\SIM003\session_unknown\skull_stripped_SIM003_T1.nii.gz
2025-04-10 22:46:57,716 - mri_preprocessing - INFO - Saved brain mask to D:\Projects\CV\data\processed\SIM003\session_unknown\skull_stripped_SIM003_T1_mask.nii.gz
2025-04-10 22:46:57,721 - mri_preprocessing - INFO - Applying N4 bias field correction to D:\Projects\CV\data\processed\SIM003\session_unknown\skull_stripped_SIM003_T1.nii.gz
2025-04-10 22:47:20,305 - mri_preprocessing - INFO - Saved bias-field corrected image to D:\Projects\CV\data\processed\SIM003\session_unknown\n4_SIM003_T1.nii.gz
2025-04-10 22:47:20,308 - mri_preprocessing - INFO - Normalizing D:\Projects\CV\data\processed\SIM003\session_unknown\n4_SIM003_T1.nii.gz using Z-score
2025-04-10 22:47:20,557 - mri_preprocessing - INFO - Saved normalized image to D:\Projects\CV\data\processed\SIM003\session_unknown\norm_SIM003_T1.nii.gz
2025-04-10 22:47:20,560 - mri_preprocessing - INFO - Resampling D:\Projects\CV\data\processed\SIM003\session_unknown\norm_SIM003_T1.nii.gz to spacing [1.0, 1.0, 1.0]
2025-04-10 22:47:20,716 - mri_preprocessing - INFO - Saved resampled image to D:\Projects\CV\data\processed\SIM003\session_unknown\resampled_SIM003_T1.nii.gz
2025-04-10 22:47:20,718 - mri_preprocessing - INFO - Completed preprocessing for data/raw/simulated\SIM003\SIM003_T1.nii.gz
2025-04-10 22:47:20,719 - mri_preprocessing - INFO - Processing subject: SIM004
2025-04-10 22:47:20,722 - mri_preprocessing - WARNING - Fixed image not found: D:\Projects\CV\data\templates\MNI152_T1_1mm.nii.gz. Skipping registration.
2025-04-10 22:47:20,727 - mri_preprocessing - INFO - Skull stripping D:\Projects\CV\data\processed\SIM004\session_unknown\original_SIM004_T1.nii.gz using SimpleITK threshold method
2025-04-10 22:47:21,245 - mri_preprocessing - INFO - Saved skull-stripped image to D:\Projects\CV\data\processed\SIM004\session_unknown\skull_stripped_SIM004_T1.nii.gz
2025-04-10 22:47:21,245 - mri_preprocessing - INFO - Saved brain mask to D:\Projects\CV\data\processed\SIM004\session_unknown\skull_stripped_SIM004_T1_mask.nii.gz
2025-04-10 22:47:21,248 - mri_preprocessing - INFO - Applying N4 bias field correction to D:\Projects\CV\data\processed\SIM004\session_unknown\skull_stripped_SIM004_T1.nii.gz
2025-04-10 22:47:36,320 - mri_preprocessing - INFO - Saved bias-field corrected image to D:\Projects\CV\data\processed\SIM004\session_unknown\n4_SIM004_T1.nii.gz
2025-04-10 22:47:36,322 - mri_preprocessing - INFO - Normalizing D:\Projects\CV\data\processed\SIM004\session_unknown\n4_SIM004_T1.nii.gz using Z-score
2025-04-10 22:47:36,547 - mri_preprocessing - INFO - Saved normalized image to D:\Projects\CV\data\processed\SIM004\session_unknown\norm_SIM004_T1.nii.gz
2025-04-10 22:47:36,550 - mri_preprocessing - INFO - Resampling D:\Projects\CV\data\processed\SIM004\session_unknown\norm_SIM004_T1.nii.gz to spacing [1.0, 1.0, 1.0]
2025-04-10 22:47:36,686 - mri_preprocessing - INFO - Saved resampled image to D:\Projects\CV\data\processed\SIM004\session_unknown\resampled_SIM004_T1.nii.gz
2025-04-10 22:47:36,688 - mri_preprocessing - INFO - Completed preprocessing for data/raw/simulated\SIM004\SIM004_T1.nii.gz
2025-04-10 22:47:36,689 - mri_preprocessing - INFO - Processing subject: SIM005
2025-04-10 22:47:36,693 - mri_preprocessing - WARNING - Fixed image not found: D:\Projects\CV\data\templates\MNI152_T1_1mm.nii.gz. Skipping registration.
2025-04-10 22:47:36,700 - mri_preprocessing - INFO - Skull stripping D:\Projects\CV\data\processed\SIM005\session_unknown\original_SIM005_T1.nii.gz using SimpleITK threshold method
2025-04-10 22:47:37,253 - mri_preprocessing - INFO - Saved skull-stripped image to D:\Projects\CV\data\processed\SIM005\session_unknown\skull_stripped_SIM005_T1.nii.gz
2025-04-10 22:47:37,254 - mri_preprocessing - INFO - Saved brain mask to D:\Projects\CV\data\processed\SIM005\session_unknown\skull_stripped_SIM005_T1_mask.nii.gz
2025-04-10 22:47:37,257 - mri_preprocessing - INFO - Applying N4 bias field correction to D:\Projects\CV\data\processed\SIM005\session_unknown\skull_stripped_SIM005_T1.nii.gz
2025-04-10 22:47:48,851 - mri_preprocessing - INFO - Saved bias-field corrected image to D:\Projects\CV\data\processed\SIM005\session_unknown\n4_SIM005_T1.nii.gz
2025-04-10 22:47:48,855 - mri_preprocessing - INFO - Normalizing D:\Projects\CV\data\processed\SIM005\session_unknown\n4_SIM005_T1.nii.gz using Z-score
2025-04-10 22:47:49,228 - mri_preprocessing - INFO - Saved normalized image to D:\Projects\CV\data\processed\SIM005\session_unknown\norm_SIM005_T1.nii.gz
2025-04-10 22:47:49,232 - mri_preprocessing - INFO - Resampling D:\Projects\CV\data\processed\SIM005\session_unknown\norm_SIM005_T1.nii.gz to spacing [1.0, 1.0, 1.0]
2025-04-10 22:47:49,450 - mri_preprocessing - INFO - Saved resampled image to D:\Projects\CV\data\processed\SIM005\session_unknown\resampled_SIM005_T1.nii.gz
2025-04-10 22:47:49,452 - mri_preprocessing - INFO - Completed preprocessing for data/raw/simulated\SIM005\SIM005_T1.nii.gz
2025-04-10 22:47:49,453 - mri_preprocessing - INFO - Processing subject: SIM006
2025-04-10 22:47:49,457 - mri_preprocessing - WARNING - Fixed image not found: D:\Projects\CV\data\templates\MNI152_T1_1mm.nii.gz. Skipping registration.
2025-04-10 22:47:49,464 - mri_preprocessing - INFO - Skull stripping D:\Projects\CV\data\processed\SIM006\session_unknown\original_SIM006_T1.nii.gz using SimpleITK threshold method
2025-04-10 22:47:50,092 - mri_preprocessing - INFO - Saved skull-stripped image to D:\Projects\CV\data\processed\SIM006\session_unknown\skull_stripped_SIM006_T1.nii.gz
2025-04-10 22:47:50,093 - mri_preprocessing - INFO - Saved brain mask to D:\Projects\CV\data\processed\SIM006\session_unknown\skull_stripped_SIM006_T1_mask.nii.gz
2025-04-10 22:47:50,095 - mri_preprocessing - INFO - Applying N4 bias field correction to D:\Projects\CV\data\processed\SIM006\session_unknown\skull_stripped_SIM006_T1.nii.gz
2025-04-10 22:48:14,101 - mri_preprocessing - INFO - Saved bias-field corrected image to D:\Projects\CV\data\processed\SIM006\session_unknown\n4_SIM006_T1.nii.gz
2025-04-10 22:48:14,103 - mri_preprocessing - INFO - Normalizing D:\Projects\CV\data\processed\SIM006\session_unknown\n4_SIM006_T1.nii.gz using Z-score
2025-04-10 22:48:14,335 - mri_preprocessing - INFO - Saved normalized image to D:\Projects\CV\data\processed\SIM006\session_unknown\norm_SIM006_T1.nii.gz
2025-04-10 22:48:14,338 - mri_preprocessing - INFO - Resampling D:\Projects\CV\data\processed\SIM006\session_unknown\norm_SIM006_T1.nii.gz to spacing [1.0, 1.0, 1.0]
2025-04-10 22:48:14,481 - mri_preprocessing - INFO - Saved resampled image to D:\Projects\CV\data\processed\SIM006\session_unknown\resampled_SIM006_T1.nii.gz
2025-04-10 22:48:14,482 - mri_preprocessing - INFO - Completed preprocessing for data/raw/simulated\SIM006\SIM006_T1.nii.gz
2025-04-10 22:48:14,483 - mri_preprocessing - INFO - Processing subject: SIM007
2025-04-10 22:48:14,486 - mri_preprocessing - WARNING - Fixed image not found: D:\Projects\CV\data\templates\MNI152_T1_1mm.nii.gz. Skipping registration.
2025-04-10 22:48:14,491 - mri_preprocessing - INFO - Skull stripping D:\Projects\CV\data\processed\SIM007\session_unknown\original_SIM007_T1.nii.gz using SimpleITK threshold method
2025-04-10 22:48:14,992 - mri_preprocessing - INFO - Saved skull-stripped image to D:\Projects\CV\data\processed\SIM007\session_unknown\skull_stripped_SIM007_T1.nii.gz
2025-04-10 22:48:14,992 - mri_preprocessing - INFO - Saved brain mask to D:\Projects\CV\data\processed\SIM007\session_unknown\skull_stripped_SIM007_T1_mask.nii.gz
2025-04-10 22:48:14,995 - mri_preprocessing - INFO - Applying N4 bias field correction to D:\Projects\CV\data\processed\SIM007\session_unknown\skull_stripped_SIM007_T1.nii.gz
2025-04-10 22:48:31,573 - mri_preprocessing - INFO - Saved bias-field corrected image to D:\Projects\CV\data\processed\SIM007\session_unknown\n4_SIM007_T1.nii.gz
2025-04-10 22:48:31,576 - mri_preprocessing - INFO - Normalizing D:\Projects\CV\data\processed\SIM007\session_unknown\n4_SIM007_T1.nii.gz using Z-score
2025-04-10 22:48:32,036 - mri_preprocessing - INFO - Saved normalized image to D:\Projects\CV\data\processed\SIM007\session_unknown\norm_SIM007_T1.nii.gz
2025-04-10 22:48:32,044 - mri_preprocessing - INFO - Resampling D:\Projects\CV\data\processed\SIM007\session_unknown\norm_SIM007_T1.nii.gz to spacing [1.0, 1.0, 1.0]
2025-04-10 22:48:32,399 - mri_preprocessing - INFO - Saved resampled image to D:\Projects\CV\data\processed\SIM007\session_unknown\resampled_SIM007_T1.nii.gz
2025-04-10 22:48:32,401 - mri_preprocessing - INFO - Completed preprocessing for data/raw/simulated\SIM007\SIM007_T1.nii.gz
2025-04-10 22:48:32,402 - mri_preprocessing - INFO - Processing subject: SIM008
2025-04-10 22:48:32,409 - mri_preprocessing - WARNING - Fixed image not found: D:\Projects\CV\data\templates\MNI152_T1_1mm.nii.gz. Skipping registration.
2025-04-10 22:48:32,424 - mri_preprocessing - INFO - Skull stripping D:\Projects\CV\data\processed\SIM008\session_unknown\original_SIM008_T1.nii.gz using SimpleITK threshold method
2025-04-10 22:48:33,511 - mri_preprocessing - INFO - Saved skull-stripped image to D:\Projects\CV\data\processed\SIM008\session_unknown\skull_stripped_SIM008_T1.nii.gz
2025-04-10 22:48:33,512 - mri_preprocessing - INFO - Saved brain mask to D:\Projects\CV\data\processed\SIM008\session_unknown\skull_stripped_SIM008_T1_mask.nii.gz
2025-04-10 22:48:33,515 - mri_preprocessing - INFO - Applying N4 bias field correction to D:\Projects\CV\data\processed\SIM008\session_unknown\skull_stripped_SIM008_T1.nii.gz
2025-04-10 22:48:57,680 - mri_preprocessing - INFO - Saved bias-field corrected image to D:\Projects\CV\data\processed\SIM008\session_unknown\n4_SIM008_T1.nii.gz
2025-04-10 22:48:57,682 - mri_preprocessing - INFO - Normalizing D:\Projects\CV\data\processed\SIM008\session_unknown\n4_SIM008_T1.nii.gz using Z-score
2025-04-10 22:48:58,104 - mri_preprocessing - INFO - Saved normalized image to D:\Projects\CV\data\processed\SIM008\session_unknown\norm_SIM008_T1.nii.gz
2025-04-10 22:48:58,109 - mri_preprocessing - INFO - Resampling D:\Projects\CV\data\processed\SIM008\session_unknown\norm_SIM008_T1.nii.gz to spacing [1.0, 1.0, 1.0]
2025-04-10 22:48:58,402 - mri_preprocessing - INFO - Saved resampled image to D:\Projects\CV\data\processed\SIM008\session_unknown\resampled_SIM008_T1.nii.gz
2025-04-10 22:48:58,405 - mri_preprocessing - INFO - Completed preprocessing for data/raw/simulated\SIM008\SIM008_T1.nii.gz
2025-04-10 22:48:58,406 - mri_preprocessing - INFO - Processing subject: SIM009
2025-04-10 22:48:58,424 - mri_preprocessing - WARNING - Fixed image not found: D:\Projects\CV\data\templates\MNI152_T1_1mm.nii.gz. Skipping registration.
2025-04-10 22:48:58,444 - mri_preprocessing - INFO - Skull stripping D:\Projects\CV\data\processed\SIM009\session_unknown\original_SIM009_T1.nii.gz using SimpleITK threshold method
2025-04-10 22:48:59,641 - mri_preprocessing - INFO - Saved skull-stripped image to D:\Projects\CV\data\processed\SIM009\session_unknown\skull_stripped_SIM009_T1.nii.gz
2025-04-10 22:48:59,642 - mri_preprocessing - INFO - Saved brain mask to D:\Projects\CV\data\processed\SIM009\session_unknown\skull_stripped_SIM009_T1_mask.nii.gz
2025-04-10 22:48:59,649 - mri_preprocessing - INFO - Applying N4 bias field correction to D:\Projects\CV\data\processed\SIM009\session_unknown\skull_stripped_SIM009_T1.nii.gz
2025-04-10 22:49:32,381 - mri_preprocessing - INFO - Saved bias-field corrected image to D:\Projects\CV\data\processed\SIM009\session_unknown\n4_SIM009_T1.nii.gz
2025-04-10 22:49:32,384 - mri_preprocessing - INFO - Normalizing D:\Projects\CV\data\processed\SIM009\session_unknown\n4_SIM009_T1.nii.gz using Z-score
2025-04-10 22:49:32,840 - mri_preprocessing - INFO - Saved normalized image to D:\Projects\CV\data\processed\SIM009\session_unknown\norm_SIM009_T1.nii.gz
2025-04-10 22:49:32,847 - mri_preprocessing - INFO - Resampling D:\Projects\CV\data\processed\SIM009\session_unknown\norm_SIM009_T1.nii.gz to spacing [1.0, 1.0, 1.0]
2025-04-10 22:49:33,189 - mri_preprocessing - INFO - Saved resampled image to D:\Projects\CV\data\processed\SIM009\session_unknown\resampled_SIM009_T1.nii.gz
2025-04-10 22:49:33,191 - mri_preprocessing - INFO - Completed preprocessing for data/raw/simulated\SIM009\SIM009_T1.nii.gz
2025-04-10 22:49:33,193 - mri_preprocessing - INFO - Preprocessing complete!
